<?xml version="1.0" encoding="UTF-8"?>
<!-- Generated by org.testng.reporters.JUnitXMLReporter -->
<testsuite ignored="0" hostname="LAPTOP-QJPOCRT2" failures="1" tests="33" name="Orange Test Cases" time="325.433" errors="0" timestamp="2024-07-25T17:48:27 AEST">
  <testcase classname="com.qa.testcases.LoginTest" name="ValidateTitle" time="0.049"/>
  <testcase classname="com.qa.testcases.LoginTest" name="Login" time="0.637"/>
  <testcase classname="com.qa.testcases.LoginTest" name="ValidateLogo" time="0.268">
    <skipped/>
  </testcase> <!-- ValidateLogo -->
  <testcase classname="com.qa.testcases.LoginTest" name="ValidateLogo" time="0.362">
    <skipped/>
  </testcase> <!-- ValidateLogo -->
  <testcase classname="com.qa.testcases.LoginTest" name="ValidateLogo" time="0.366">
    <skipped/>
  </testcase> <!-- ValidateLogo -->
  <testcase classname="com.qa.testcases.LoginTest" name="ValidateLogo" time="0.322">
    <failure type="java.lang.AssertionError" message="expected [true] but found [false]">
      <![CDATA[java.lang.AssertionError: expected [true] but found [false]
at com.qa.testcases.LoginTest.ValidateLogo(LoginTest.java:72)
at java.base/java.util.ArrayList.forEach(ArrayList.java:1597)
... Removed 32 stack frames]]>
    </failure>
  </testcase> <!-- ValidateLogo -->
  <testcase classname="com.qa.testcases.DashboardTest" name="Validatetitle" time="0.903"/>
  <testcase classname="com.qa.testcases.DashboardTest" name="Validateashboard" time="2.428"/>
  <testcase classname="com.qa.testcases.DashboardTest" name="ValidatePuchedOut" time="1.85"/>
  <testcase classname="com.qa.testcases.DashboardTest" name="ScrollIntoView" time="0.349"/>
  <testcase classname="com.qa.testcases.DashboardTest" name="TimeClick" time="2.093"/>
  <testcase classname="com.qa.testcases.TimeTest" name="ValidateTitle" time="0.016"/>
  <testcase classname="com.qa.testcases.TimeTest" name="validateMyTimeSheet" time="0.314"/>
  <testcase classname="com.qa.testcases.TimeTest" name="ValidateMyRecords" time="7.238"/>
  <testcase classname="com.qa.testcases.TimeTest" name="MyInfoClick" time="1.157"/>
  <testcase classname="com.qa.testcases.MyInfoTest" name="Validatetiltile" time="0.011"/>
  <testcase classname="com.qa.testcases.MyInfoTest" name="Username" time="0.363"/>
  <testcase classname="com.qa.testcases.MyInfoTest" name="DetailsPage" time="4.053"/>
  <testcase classname="com.qa.testcases.MyInfoTest" name="AllDetails" time="10.481"/>
  <testcase classname="com.qa.testcases.MyInfoTest" name="Perfomanceclick" time="1.286"/>
  <testcase classname="com.qa.testcases.PerformanceTest" name="ValidateTitle" time="0.012"/>
  <testcase classname="com.qa.testcases.PerformanceTest" name="Title" time="0.01"/>
  <testcase classname="com.qa.testcases.PerformanceTest" name="ManageReview" time="0.38"/>
  <testcase classname="com.qa.testcases.PerformanceTest" name="Mytracker" time="2.69"/>
  <testcase classname="com.qa.testcases.PerformanceTest" name="DirClick" time="0.711"/>
  <testcase classname="com.qa.testcases.DirectoryTest" name="Title" time="0.3"/>
  <testcase classname="com.qa.testcases.DirectoryTest" name="Search" time="12.871"/>
  <testcase classname="com.qa.testcases.DirectoryTest" name="ClaimClick" time="1.439"/>
  <testcase classname="com.qa.testcases.ClaimTest" name="Header" time="3.339"/>
  <testcase classname="com.qa.testcases.ClaimTest" name="Submit" time="2.837"/>
  <testcase classname="com.qa.testcases.ClaimTest" name="Buzzclick" time="1.068"/>
  <testcase classname="com.qa.testcases.BuzzTest" name="Header" time="0.482"/>
  <testcase classname="com.qa.testcases.BuzzTest" name="Scrolldown" time="6.091"/>
</testsuite> <!-- Orange Test Cases -->
