<html>
<head>
<title>TestNG:  Orange Test Cases</title>
<link href="../testng.css" rel="stylesheet" type="text/css" />
<link href="../my-testng.css" rel="stylesheet" type="text/css" />

<style type="text/css">
.log { display: none;} 
.stack-trace { display: none;} 
</style>
<script type="text/javascript">
<!--
function flip(e) {
  current = e.style.display;
  if (current == 'block') {
    e.style.display = 'none';
    return 0;
  }
  else {
    e.style.display = 'block';
    return 1;
  }
}

function toggleBox(szDivId, elem, msg1, msg2)
{
  var res = -1;  if (document.getElementById) {
    res = flip(document.getElementById(szDivId));
  }
  else if (document.all) {
    // this is the way old msie versions work
    res = flip(document.all[szDivId]);
  }
  if(elem) {
    if(res == 0) elem.innerHTML = msg1; else elem.innerHTML = msg2;
  }

}

function toggleAllBoxes() {
  if (document.getElementsByTagName) {
    d = document.getElementsByTagName('div');
    for (i = 0; i < d.length; i++) {
      if (d[i].className == 'log') {
        flip(d[i]);
      }
    }
  }
}

// -->
</script>

</head>
<body>
<h2 align='center'>Orange Test Cases</h2><table border='1' align="center">
<tr>
<td>Tests passed/Failed/Skipped:</td><td>29/1/3</td>
</tr><tr>
<td>Started on:</td><td>Thu Jul 25 17:43:01 AEST 2024</td>
</tr>
<tr><td>Total time:</td><td>325 seconds (325433 ms)</td>
</tr><tr>
<td>Included groups:</td><td></td>
</tr><tr>
<td>Excluded groups:</td><td></td>
</tr>
</table><p/>
<small><i>(Hover the method name to see the test class name)</i></small><p/>
<table width='100%' border='1' class='invocation-failed'>
<tr><td colspan='4' align='center'><b>FAILED TESTS</b></td></tr>
<tr><td><b>Test method</b></td>
<td><b>Attribute(s)</b></td>
<td width="30%"><b>Exception</b></td>
<td width="10%"><b>Time (seconds)</b></td>
<td><b>Instance</b></td>
</tr>
<tr>
<td title='com.qa.testcases.LoginTest.ValidateLogo()'><b>ValidateLogo</b><br>Test class: com.qa.testcases.LoginTest</td>
<td><div><pre>java.lang.AssertionError: expected [true] but found [false]
	at com.qa.testcases.LoginTest.ValidateLogo(LoginTest.java:72)
	at java.base/java.util.ArrayList.forEach(ArrayList.java:1597)
... Removed 32 stack frames</pre></div><a href='#' onClick='toggleBox("stack-trace880282841", this, "Click to show all stack frames", "Click to hide stack frames")'>Click to show all stack frames</a>
<div class='stack-trace' id='stack-trace880282841'><pre>java.lang.AssertionError: expected [true] but found [false]
	at org.testng.Assert.fail(Assert.java:111)
	at org.testng.Assert.failNotEquals(Assert.java:1578)
	at org.testng.Assert.assertEqualsImpl(Assert.java:150)
	at org.testng.Assert.assertEquals(Assert.java:132)
	at org.testng.Assert.assertEquals(Assert.java:1067)
	at org.testng.Assert.assertEquals(Assert.java:1031)
	at org.testng.Assert.assertEquals(Assert.java:1077)
	at com.qa.testcases.LoginTest.ValidateLogo(LoginTest.java:72)
	at java.base/jdk.internal.reflect.DirectMethodHandleAccessor.invoke(DirectMethodHandleAccessor.java:103)
	at java.base/java.lang.reflect.Method.invoke(Method.java:580)
	at org.testng.internal.invokers.MethodInvocationHelper.invokeMethod(MethodInvocationHelper.java:141)
	at org.testng.internal.invokers.TestInvoker.invokeMethod(TestInvoker.java:686)
	at org.testng.internal.invokers.TestInvoker.retryFailed(TestInvoker.java:269)
	at org.testng.internal.invokers.MethodRunner.runInSequence(MethodRunner.java:76)
	at org.testng.internal.invokers.TestInvoker$MethodInvocationAgent.invoke(TestInvoker.java:992)
	at org.testng.internal.invokers.TestInvoker.invokeTestMethods(TestInvoker.java:203)
	at org.testng.internal.invokers.TestMethodWorker.invokeTestMethods(TestMethodWorker.java:154)
	at org.testng.internal.invokers.TestMethodWorker.run(TestMethodWorker.java:134)
	at java.base/java.util.ArrayList.forEach(ArrayList.java:1597)
	at org.testng.TestRunner.privateRun(TestRunner.java:739)
	at org.testng.TestRunner.run(TestRunner.java:614)
	at org.testng.SuiteRunner.runTest(SuiteRunner.java:421)
	at org.testng.SuiteRunner.runSequentially(SuiteRunner.java:413)
	at org.testng.SuiteRunner.privateRun(SuiteRunner.java:373)
	at org.testng.SuiteRunner.run(SuiteRunner.java:312)
	at org.testng.SuiteRunnerWorker.runSuite(SuiteRunnerWorker.java:52)
	at org.testng.SuiteRunnerWorker.run(SuiteRunnerWorker.java:95)
	at org.testng.TestNG.runSuitesSequentially(TestNG.java:1274)
	at org.testng.TestNG.runSuitesLocally(TestNG.java:1208)
	at org.testng.TestNG.runSuites(TestNG.java:1112)
	at org.testng.TestNG.run(TestNG.java:1079)
	at org.testng.remote.AbstractRemoteTestNG.run(AbstractRemoteTestNG.java:115)
	at org.testng.remote.RemoteTestNG.initAndRun(RemoteTestNG.java:293)
	at org.testng.remote.RemoteTestNG.main(RemoteTestNG.java:91)
</pre></div></td>
<td>0</td>
<td>com.qa.testcases.LoginTest@609cd4d8</td></tr>
</table><p>
<table width='100%' border='1' class='invocation-passed'>
<tr><td colspan='4' align='center'><b>PASSED TESTS</b></td></tr>
<tr><td><b>Test method</b></td>
<td><b>Attribute(s)</b></td>
<td width="30%"><b>Exception</b></td>
<td width="10%"><b>Time (seconds)</b></td>
<td><b>Instance</b></td>
</tr>
<tr>
<td title='com.qa.testcases.DirectoryTest.Title()'><b>Title</b><br>Test class: com.qa.testcases.DirectoryTest</td>
<td></td>
<td>0</td>
<td>com.qa.testcases.DirectoryTest@7530ad9c</td></tr>
<tr>
<td title='com.qa.testcases.MyInfoTest.Validatetiltile()'><b>Validatetiltile</b><br>Test class: com.qa.testcases.MyInfoTest</td>
<td></td>
<td>0</td>
<td>com.qa.testcases.MyInfoTest@1e66f1f5</td></tr>
<tr>
<td title='com.qa.testcases.MyInfoTest.DetailsPage()'><b>DetailsPage</b><br>Test class: com.qa.testcases.MyInfoTest</td>
<td></td>
<td>4</td>
<td>com.qa.testcases.MyInfoTest@1e66f1f5</td></tr>
<tr>
<td title='com.qa.testcases.BuzzTest.Scrolldown()'><b>Scrolldown</b><br>Test class: com.qa.testcases.BuzzTest</td>
<td></td>
<td>6</td>
<td>com.qa.testcases.BuzzTest@71e9ddb4</td></tr>
<tr>
<td title='com.qa.testcases.LoginTest.Login()'><b>Login</b><br>Test class: com.qa.testcases.LoginTest</td>
<td></td>
<td>0</td>
<td>com.qa.testcases.LoginTest@609cd4d8</td></tr>
<tr>
<td title='com.qa.testcases.BuzzTest.Header()'><b>Header</b><br>Test class: com.qa.testcases.BuzzTest</td>
<td></td>
<td>0</td>
<td>com.qa.testcases.BuzzTest@71e9ddb4</td></tr>
<tr>
<td title='com.qa.testcases.DashboardTest.ValidatePuchedOut()'><b>ValidatePuchedOut</b><br>Test class: com.qa.testcases.DashboardTest</td>
<td></td>
<td>1</td>
<td>com.qa.testcases.DashboardTest@79d8407f</td></tr>
<tr>
<td title='com.qa.testcases.MyInfoTest.AllDetails()'><b>AllDetails</b><br>Test class: com.qa.testcases.MyInfoTest</td>
<td></td>
<td>10</td>
<td>com.qa.testcases.MyInfoTest@1e66f1f5</td></tr>
<tr>
<td title='com.qa.testcases.PerformanceTest.Title()'><b>Title</b><br>Test class: com.qa.testcases.PerformanceTest</td>
<td></td>
<td>0</td>
<td>com.qa.testcases.PerformanceTest@4e50c791</td></tr>
<tr>
<td title='com.qa.testcases.DashboardTest.Validatetitle()'><b>Validatetitle</b><br>Test class: com.qa.testcases.DashboardTest</td>
<td></td>
<td>0</td>
<td>com.qa.testcases.DashboardTest@79d8407f</td></tr>
<tr>
<td title='com.qa.testcases.TimeTest.validateMyTimeSheet()'><b>validateMyTimeSheet</b><br>Test class: com.qa.testcases.TimeTest</td>
<td></td>
<td>0</td>
<td>com.qa.testcases.TimeTest@5fbe4146</td></tr>
<tr>
<td title='com.qa.testcases.DashboardTest.Validateashboard()'><b>Validateashboard</b><br>Test class: com.qa.testcases.DashboardTest</td>
<td></td>
<td>2</td>
<td>com.qa.testcases.DashboardTest@79d8407f</td></tr>
<tr>
<td title='com.qa.testcases.DirectoryTest.Search()'><b>Search</b><br>Test class: com.qa.testcases.DirectoryTest</td>
<td></td>
<td>12</td>
<td>com.qa.testcases.DirectoryTest@7530ad9c</td></tr>
<tr>
<td title='com.qa.testcases.PerformanceTest.DirClick()'><b>DirClick</b><br>Test class: com.qa.testcases.PerformanceTest</td>
<td></td>
<td>0</td>
<td>com.qa.testcases.PerformanceTest@4e50c791</td></tr>
<tr>
<td title='com.qa.testcases.PerformanceTest.ValidateTitle()'><b>ValidateTitle</b><br>Test class: com.qa.testcases.PerformanceTest</td>
<td></td>
<td>0</td>
<td>com.qa.testcases.PerformanceTest@4e50c791</td></tr>
<tr>
<td title='com.qa.testcases.DashboardTest.ScrollIntoView()'><b>ScrollIntoView</b><br>Test class: com.qa.testcases.DashboardTest</td>
<td></td>
<td>0</td>
<td>com.qa.testcases.DashboardTest@79d8407f</td></tr>
<tr>
<td title='com.qa.testcases.ClaimTest.Submit()'><b>Submit</b><br>Test class: com.qa.testcases.ClaimTest</td>
<td></td>
<td>2</td>
<td>com.qa.testcases.ClaimTest@58a9760d</td></tr>
<tr>
<td title='com.qa.testcases.LoginTest.ValidateTitle()'><b>ValidateTitle</b><br>Test class: com.qa.testcases.LoginTest</td>
<td></td>
<td>0</td>
<td>com.qa.testcases.LoginTest@609cd4d8</td></tr>
<tr>
<td title='com.qa.testcases.MyInfoTest.Username()'><b>Username</b><br>Test class: com.qa.testcases.MyInfoTest</td>
<td></td>
<td>0</td>
<td>com.qa.testcases.MyInfoTest@1e66f1f5</td></tr>
<tr>
<td title='com.qa.testcases.DirectoryTest.ClaimClick()'><b>ClaimClick</b><br>Test class: com.qa.testcases.DirectoryTest</td>
<td></td>
<td>1</td>
<td>com.qa.testcases.DirectoryTest@7530ad9c</td></tr>
<tr>
<td title='com.qa.testcases.TimeTest.ValidateTitle()'><b>ValidateTitle</b><br>Test class: com.qa.testcases.TimeTest</td>
<td></td>
<td>0</td>
<td>com.qa.testcases.TimeTest@5fbe4146</td></tr>
<tr>
<td title='com.qa.testcases.PerformanceTest.Mytracker()'><b>Mytracker</b><br>Test class: com.qa.testcases.PerformanceTest</td>
<td></td>
<td>2</td>
<td>com.qa.testcases.PerformanceTest@4e50c791</td></tr>
<tr>
<td title='com.qa.testcases.TimeTest.ValidateMyRecords()'><b>ValidateMyRecords</b><br>Test class: com.qa.testcases.TimeTest</td>
<td></td>
<td>7</td>
<td>com.qa.testcases.TimeTest@5fbe4146</td></tr>
<tr>
<td title='com.qa.testcases.ClaimTest.Buzzclick()'><b>Buzzclick</b><br>Test class: com.qa.testcases.ClaimTest</td>
<td></td>
<td>1</td>
<td>com.qa.testcases.ClaimTest@58a9760d</td></tr>
<tr>
<td title='com.qa.testcases.DashboardTest.TimeClick()'><b>TimeClick</b><br>Test class: com.qa.testcases.DashboardTest</td>
<td></td>
<td>2</td>
<td>com.qa.testcases.DashboardTest@79d8407f</td></tr>
<tr>
<td title='com.qa.testcases.TimeTest.MyInfoClick()'><b>MyInfoClick</b><br>Test class: com.qa.testcases.TimeTest</td>
<td></td>
<td>1</td>
<td>com.qa.testcases.TimeTest@5fbe4146</td></tr>
<tr>
<td title='com.qa.testcases.ClaimTest.Header()'><b>Header</b><br>Test class: com.qa.testcases.ClaimTest</td>
<td></td>
<td>3</td>
<td>com.qa.testcases.ClaimTest@58a9760d</td></tr>
<tr>
<td title='com.qa.testcases.MyInfoTest.Perfomanceclick()'><b>Perfomanceclick</b><br>Test class: com.qa.testcases.MyInfoTest</td>
<td></td>
<td>1</td>
<td>com.qa.testcases.MyInfoTest@1e66f1f5</td></tr>
<tr>
<td title='com.qa.testcases.PerformanceTest.ManageReview()'><b>ManageReview</b><br>Test class: com.qa.testcases.PerformanceTest</td>
<td></td>
<td>0</td>
<td>com.qa.testcases.PerformanceTest@4e50c791</td></tr>
</table><p>
<table width='100%' border='1' class='invocation-skipped'>
<tr><td colspan='4' align='center'><b>SKIPPED TESTS</b></td></tr>
<tr><td><b>Test method</b></td>
<td><b>Attribute(s)</b></td>
<td width="30%"><b>Exception</b></td>
<td width="10%"><b>Time (seconds)</b></td>
<td><b>Instance</b></td>
</tr>
<tr>
<td title='com.qa.testcases.LoginTest.ValidateLogo()'><b>ValidateLogo</b><br>Test class: com.qa.testcases.LoginTest</td>
<td><div><pre>java.lang.AssertionError: expected [true] but found [false]
	at com.qa.testcases.LoginTest.ValidateLogo(LoginTest.java:72)
	at java.base/java.util.ArrayList.forEach(ArrayList.java:1597)
... Removed 32 stack frames</pre></div><a href='#' onClick='toggleBox("stack-trace811792884", this, "Click to show all stack frames", "Click to hide stack frames")'>Click to show all stack frames</a>
<div class='stack-trace' id='stack-trace811792884'><pre>java.lang.AssertionError: expected [true] but found [false]
	at org.testng.Assert.fail(Assert.java:111)
	at org.testng.Assert.failNotEquals(Assert.java:1578)
	at org.testng.Assert.assertEqualsImpl(Assert.java:150)
	at org.testng.Assert.assertEquals(Assert.java:132)
	at org.testng.Assert.assertEquals(Assert.java:1067)
	at org.testng.Assert.assertEquals(Assert.java:1031)
	at org.testng.Assert.assertEquals(Assert.java:1077)
	at com.qa.testcases.LoginTest.ValidateLogo(LoginTest.java:72)
	at java.base/jdk.internal.reflect.DirectMethodHandleAccessor.invoke(DirectMethodHandleAccessor.java:103)
	at java.base/java.lang.reflect.Method.invoke(Method.java:580)
	at org.testng.internal.invokers.MethodInvocationHelper.invokeMethod(MethodInvocationHelper.java:141)
	at org.testng.internal.invokers.TestInvoker.invokeMethod(TestInvoker.java:686)
	at org.testng.internal.invokers.TestInvoker.retryFailed(TestInvoker.java:269)
	at org.testng.internal.invokers.MethodRunner.runInSequence(MethodRunner.java:76)
	at org.testng.internal.invokers.TestInvoker$MethodInvocationAgent.invoke(TestInvoker.java:992)
	at org.testng.internal.invokers.TestInvoker.invokeTestMethods(TestInvoker.java:203)
	at org.testng.internal.invokers.TestMethodWorker.invokeTestMethods(TestMethodWorker.java:154)
	at org.testng.internal.invokers.TestMethodWorker.run(TestMethodWorker.java:134)
	at java.base/java.util.ArrayList.forEach(ArrayList.java:1597)
	at org.testng.TestRunner.privateRun(TestRunner.java:739)
	at org.testng.TestRunner.run(TestRunner.java:614)
	at org.testng.SuiteRunner.runTest(SuiteRunner.java:421)
	at org.testng.SuiteRunner.runSequentially(SuiteRunner.java:413)
	at org.testng.SuiteRunner.privateRun(SuiteRunner.java:373)
	at org.testng.SuiteRunner.run(SuiteRunner.java:312)
	at org.testng.SuiteRunnerWorker.runSuite(SuiteRunnerWorker.java:52)
	at org.testng.SuiteRunnerWorker.run(SuiteRunnerWorker.java:95)
	at org.testng.TestNG.runSuitesSequentially(TestNG.java:1274)
	at org.testng.TestNG.runSuitesLocally(TestNG.java:1208)
	at org.testng.TestNG.runSuites(TestNG.java:1112)
	at org.testng.TestNG.run(TestNG.java:1079)
	at org.testng.remote.AbstractRemoteTestNG.run(AbstractRemoteTestNG.java:115)
	at org.testng.remote.RemoteTestNG.initAndRun(RemoteTestNG.java:293)
	at org.testng.remote.RemoteTestNG.main(RemoteTestNG.java:91)
</pre></div></td>
<td>0</td>
<td>com.qa.testcases.LoginTest@609cd4d8</td></tr>
<tr>
<td title='com.qa.testcases.LoginTest.ValidateLogo()'><b>ValidateLogo</b><br>Test class: com.qa.testcases.LoginTest</td>
<td><div><pre>java.lang.AssertionError: expected [true] but found [false]
	at com.qa.testcases.LoginTest.ValidateLogo(LoginTest.java:72)
	at java.base/java.util.ArrayList.forEach(ArrayList.java:1597)
... Removed 32 stack frames</pre></div><a href='#' onClick='toggleBox("stack-trace794476802", this, "Click to show all stack frames", "Click to hide stack frames")'>Click to show all stack frames</a>
<div class='stack-trace' id='stack-trace794476802'><pre>java.lang.AssertionError: expected [true] but found [false]
	at org.testng.Assert.fail(Assert.java:111)
	at org.testng.Assert.failNotEquals(Assert.java:1578)
	at org.testng.Assert.assertEqualsImpl(Assert.java:150)
	at org.testng.Assert.assertEquals(Assert.java:132)
	at org.testng.Assert.assertEquals(Assert.java:1067)
	at org.testng.Assert.assertEquals(Assert.java:1031)
	at org.testng.Assert.assertEquals(Assert.java:1077)
	at com.qa.testcases.LoginTest.ValidateLogo(LoginTest.java:72)
	at java.base/jdk.internal.reflect.DirectMethodHandleAccessor.invoke(DirectMethodHandleAccessor.java:103)
	at java.base/java.lang.reflect.Method.invoke(Method.java:580)
	at org.testng.internal.invokers.MethodInvocationHelper.invokeMethod(MethodInvocationHelper.java:141)
	at org.testng.internal.invokers.TestInvoker.invokeMethod(TestInvoker.java:686)
	at org.testng.internal.invokers.TestInvoker.retryFailed(TestInvoker.java:269)
	at org.testng.internal.invokers.MethodRunner.runInSequence(MethodRunner.java:76)
	at org.testng.internal.invokers.TestInvoker$MethodInvocationAgent.invoke(TestInvoker.java:992)
	at org.testng.internal.invokers.TestInvoker.invokeTestMethods(TestInvoker.java:203)
	at org.testng.internal.invokers.TestMethodWorker.invokeTestMethods(TestMethodWorker.java:154)
	at org.testng.internal.invokers.TestMethodWorker.run(TestMethodWorker.java:134)
	at java.base/java.util.ArrayList.forEach(ArrayList.java:1597)
	at org.testng.TestRunner.privateRun(TestRunner.java:739)
	at org.testng.TestRunner.run(TestRunner.java:614)
	at org.testng.SuiteRunner.runTest(SuiteRunner.java:421)
	at org.testng.SuiteRunner.runSequentially(SuiteRunner.java:413)
	at org.testng.SuiteRunner.privateRun(SuiteRunner.java:373)
	at org.testng.SuiteRunner.run(SuiteRunner.java:312)
	at org.testng.SuiteRunnerWorker.runSuite(SuiteRunnerWorker.java:52)
	at org.testng.SuiteRunnerWorker.run(SuiteRunnerWorker.java:95)
	at org.testng.TestNG.runSuitesSequentially(TestNG.java:1274)
	at org.testng.TestNG.runSuitesLocally(TestNG.java:1208)
	at org.testng.TestNG.runSuites(TestNG.java:1112)
	at org.testng.TestNG.run(TestNG.java:1079)
	at org.testng.remote.AbstractRemoteTestNG.run(AbstractRemoteTestNG.java:115)
	at org.testng.remote.RemoteTestNG.initAndRun(RemoteTestNG.java:293)
	at org.testng.remote.RemoteTestNG.main(RemoteTestNG.java:91)
</pre></div></td>
<td>0</td>
<td>com.qa.testcases.LoginTest@609cd4d8</td></tr>
<tr>
<td title='com.qa.testcases.LoginTest.ValidateLogo()'><b>ValidateLogo</b><br>Test class: com.qa.testcases.LoginTest</td>
<td><div><pre>java.lang.AssertionError: expected [true] but found [false]
	at com.qa.testcases.LoginTest.ValidateLogo(LoginTest.java:72)
	at java.base/java.util.ArrayList.forEach(ArrayList.java:1597)
... Removed 32 stack frames</pre></div><a href='#' onClick='toggleBox("stack-trace634210724", this, "Click to show all stack frames", "Click to hide stack frames")'>Click to show all stack frames</a>
<div class='stack-trace' id='stack-trace634210724'><pre>java.lang.AssertionError: expected [true] but found [false]
	at org.testng.Assert.fail(Assert.java:111)
	at org.testng.Assert.failNotEquals(Assert.java:1578)
	at org.testng.Assert.assertEqualsImpl(Assert.java:150)
	at org.testng.Assert.assertEquals(Assert.java:132)
	at org.testng.Assert.assertEquals(Assert.java:1067)
	at org.testng.Assert.assertEquals(Assert.java:1031)
	at org.testng.Assert.assertEquals(Assert.java:1077)
	at com.qa.testcases.LoginTest.ValidateLogo(LoginTest.java:72)
	at java.base/jdk.internal.reflect.DirectMethodHandleAccessor.invoke(DirectMethodHandleAccessor.java:103)
	at java.base/java.lang.reflect.Method.invoke(Method.java:580)
	at org.testng.internal.invokers.MethodInvocationHelper.invokeMethod(MethodInvocationHelper.java:141)
	at org.testng.internal.invokers.TestInvoker.invokeMethod(TestInvoker.java:686)
	at org.testng.internal.invokers.TestInvoker.invokeTestMethod(TestInvoker.java:230)
	at org.testng.internal.invokers.MethodRunner.runInSequence(MethodRunner.java:63)
	at org.testng.internal.invokers.TestInvoker$MethodInvocationAgent.invoke(TestInvoker.java:992)
	at org.testng.internal.invokers.TestInvoker.invokeTestMethods(TestInvoker.java:203)
	at org.testng.internal.invokers.TestMethodWorker.invokeTestMethods(TestMethodWorker.java:154)
	at org.testng.internal.invokers.TestMethodWorker.run(TestMethodWorker.java:134)
	at java.base/java.util.ArrayList.forEach(ArrayList.java:1597)
	at org.testng.TestRunner.privateRun(TestRunner.java:739)
	at org.testng.TestRunner.run(TestRunner.java:614)
	at org.testng.SuiteRunner.runTest(SuiteRunner.java:421)
	at org.testng.SuiteRunner.runSequentially(SuiteRunner.java:413)
	at org.testng.SuiteRunner.privateRun(SuiteRunner.java:373)
	at org.testng.SuiteRunner.run(SuiteRunner.java:312)
	at org.testng.SuiteRunnerWorker.runSuite(SuiteRunnerWorker.java:52)
	at org.testng.SuiteRunnerWorker.run(SuiteRunnerWorker.java:95)
	at org.testng.TestNG.runSuitesSequentially(TestNG.java:1274)
	at org.testng.TestNG.runSuitesLocally(TestNG.java:1208)
	at org.testng.TestNG.runSuites(TestNG.java:1112)
	at org.testng.TestNG.run(TestNG.java:1079)
	at org.testng.remote.AbstractRemoteTestNG.run(AbstractRemoteTestNG.java:115)
	at org.testng.remote.RemoteTestNG.initAndRun(RemoteTestNG.java:293)
	at org.testng.remote.RemoteTestNG.main(RemoteTestNG.java:91)
</pre></div></td>
<td>0</td>
<td>com.qa.testcases.LoginTest@609cd4d8</td></tr>
</table><p>
</body>
</html>